proguard/seeds.txt
android.support.v4.content.FileProvider
android.support.v4.content.FileProvider: java.lang.String[] COLUMNS
android.support.v4.content.FileProvider: java.lang.String META_DATA_FILE_PROVIDER_PATHS
android.support.v4.content.FileProvider: java.lang.String TAG_ROOT_PATH
android.support.v4.content.FileProvider: java.lang.String TAG_FILES_PATH
android.support.v4.content.FileProvider: java.lang.String TAG_CACHE_PATH
android.support.v4.content.FileProvider: java.lang.String TAG_EXTERNAL
android.support.v4.content.FileProvider: java.lang.String ATTR_NAME
android.support.v4.content.FileProvider: java.lang.String ATTR_PATH
android.support.v4.content.FileProvider: java.io.File DEVICE_ROOT
android.support.v4.content.FileProvider: java.util.HashMap sCache
android.support.v4.content.FileProvider: android.support.v4.content.FileProvider$PathStrategy mStrategy
android.support.v4.content.FileProvider: FileProvider()
android.support.v4.content.FileProvider: boolean onCreate()
android.support.v4.content.FileProvider: void attachInfo(android.content.Context,android.content.pm.ProviderInfo)
android.support.v4.content.FileProvider: android.net.Uri getUriForFile(android.content.Context,java.lang.String,java.io.File)
android.support.v4.content.FileProvider: android.database.Cursor query(android.net.Uri,java.lang.String[],java.lang.String,java.lang.String[],java.lang.String)
android.support.v4.content.FileProvider: java.lang.String getType(android.net.Uri)
android.support.v4.content.FileProvider$PathStrategy
android.support.v4.content.FileProvider$PathStrategy: android.net.Uri getUriForFile(java.io.File)
android.support.v4.content.FileProvider$PathStrategy: java.io.File getFileForUri(android.net.Uri)
android.support.v4.content.FileProvider$SimplePathStrategy
android.support.v4.content.FileProvider$SimplePathStrategy: java.lang.String mAuthority
android.support.v4.content.FileProvider$SimplePathStrategy: java.util.HashMap mRoots
android.support.v4.content.FileProvider$SimplePathStrategy: FileProvider$SimplePathStrategy(java.lang.String)
android.support.v4.content.FileProvider$SimplePathStrategy: void addRoot(java.lang.String,java.io.File)
android.support.v4.content.FileProvider$SimplePathStrategy: android.net.Uri getUriForFile(java.io.File)
android.support.v4.content.FileProvider$SimplePathStrategy: java.io.File getFileForUri(android.net.Uri)
android.support.v4.content.IntentCompat
android.support.v4.content.IntentCompat: android.support.v4.content.IntentCompat$IntentCompatImpl IMPL
android.support.v4.content.IntentCompat: java.lang.String ACTION_EXTERNAL_APPLICATIONS_AVAILABLE
android.support.v4.content.IntentCompat: java.lang.String ACTION_EXTERNAL_APPLICATIONS_UNAVAILABLE
android.support.v4.content.IntentCompat: java.lang.String EXTRA_CHANGED_PACKAGE_LIST
android.support.v4.content.IntentCompat: java.lang.String EXTRA_CHANGED_UID_LIST
android.support.v4.content.IntentCompat: java.lang.String EXTRA_HTML_TEXT
android.support.v4.content.IntentCompat: int FLAG_ACTIVITY_TASK_ON_HOME
android.support.v4.content.IntentCompat: int FLAG_ACTIVITY_CLEAR_TASK
android.support.v4.content.IntentCompat: IntentCompat()
android.support.v4.content.IntentCompat: android.content.Intent makeMainActivity(android.content.ComponentName)
android.support.v4.content.IntentCompat: android.content.Intent makeMainSelectorActivity(java.lang.String,java.lang.String)
android.support.v4.content.IntentCompat: android.content.Intent makeRestartActivityTask(android.content.ComponentName)
android.support.v4.content.IntentCompat: void <clinit>()