proguard/mapping.txt
android.support.v4.view.ViewPager -> android.support.v4.view.ViewPager:
    java.lang.String TAG -> TAG
    boolean DEBUG -> DEBUG
    boolean USE_CACHE -> USE_CACHE
    int DEFAULT_OFFSCREEN_PAGES -> DEFAULT_OFFSCREEN_PAGES
    int MAX_SETTLE_DURATION -> MAX_SETTLE_DURATION
    int MIN_DISTANCE_FOR_FLING -> MIN_DISTANCE_FOR_FLING
    int DEFAULT_GUTTER_SIZE -> DEFAULT_GUTTER_SIZE
    int MIN_FLING_VELOCITY -> MIN_FLING_VELOCITY
    int[] LAYOUT_ATTRS -> LAYOUT_ATTRS
    int mExpectedAdapterCount -> mExpectedAdapterCount
    java.util.Comparator COMPARATOR -> COMPARATOR
    android.view.animation.Interpolator sInterpolator -> sInterpolator
    java.util.ArrayList mItems -> mItems
    android.support.v4.view.ViewPager$ItemInfo mTempItem -> mTempItem
    android.graphics.Rect mTempRect -> mTempRect
    android.support.v4.view.PagerAdapter mAdapter -> mAdapter
    int mCurItem -> mCurItem
    int mRestoredCurItem -> mRestoredCurItem
    android.os.Parcelable mRestoredAdapterState -> mRestoredAdapterState
    java.lang.ClassLoader mRestoredClassLoader -> mRestoredClassLoader
    android.widget.Scroller mScroller -> mScroller
    android.support.v4.view.ViewPager$PagerObserver mObserver -> mObserver
    int mPageMargin -> mPageMargin
    android.graphics.drawable.Drawable mMarginDrawable -> mMarginDrawable
    int mTopPageBounds -> mTopPageBounds
    int mBottomPageBounds -> mBottomPageBounds
    float mFirstOffset -> mFirstOffset
android.support.v4.view.ViewPager$1 -> android.support.v4.view.ViewPager$1:
    int compare(android.support.v4.view.ViewPager$ItemInfo,android.support.v4.view.ViewPager$ItemInfo) -> compare
    int compare(java.lang.Object,java.lang.Object) -> compare
android.support.v4.view.ViewPager$2 -> android.support.v4.view.ViewPager$2:
    float getInterpolation(float) -> getInterpolation
android.support.v4.view.ViewPager$3 -> android.support.v4.view.ViewPager$3:
    android.support.v4.view.ViewPager this$0 -> this$0
    void run() -> run
android.support.v4.view.ViewPager$Decor -> android.support.v4.view.ViewPager$Decor:
android.support.v4.view.ViewPager$ItemInfo -> android.support.v4.view.ViewPager$ItemInfo:
    java.lang.Object object -> object
    int position -> position
    boolean scrolling -> scrolling
    float widthFactor -> widthFactor
    float offset -> offset
android.support.v4.view.ViewPager$LayoutParams -> android.support.v4.view.ViewPager$LayoutParams:
    boolean isDecor -> isDecor
    int gravity -> gravity
    float widthFactor -> widthFactor
    boolean needsMeasure -> needsMeasure
    int position -> position
    int childIndex -> childIndex
android.support.v4.view.ViewPager$MyAccessibilityDelegate -> android.support.v4.view.ViewPager$MyAccessibilityDelegate:
    android.support.v4.view.ViewPager this$0 -> this$0
    void onInitializeAccessibilityEvent(android.view.View,android.view.accessibility.AccessibilityEvent) -> onInitializeAccessibilityEvent
    void onInitializeAccessibilityNodeInfo(android.view.View,android.support.v4.view.accessibility.AccessibilityNodeInfoCompat) -> onInitializeAccessibilityNodeInfo
    boolean performAccessibilityAction(android.view.View,int,android.os.Bundle) -> performAccessibilityAction
    boolean canScroll() -> canScroll
android.support.v4.view.ViewPager$OnAdapterChangeListener -> android.support.v4.view.ViewPager$OnAdapterChangeListener:
    void onAdapterChanged(android.support.v4.view.PagerAdapter,android.support.v4.view.PagerAdapter) -> onAdapterChanged
android.support.v4.view.ViewPager$OnPageChangeListener -> android.support.v4.view.ViewPager$OnPageChangeListener:
    void onPageScrolled(int,float,int) -> onPageScrolled
    void onPageSelected(int) -> onPageSelected
    void onPageScrollStateChanged(int) -> onPageScrollStateChanged