proguard/usage.txt
com.squareup.picasso.OkHttpDownloader:
    static final java.lang.String RESPONSE_SOURCE_ANDROID
    static final java.lang.String RESPONSE_SOURCE_OKHTTP
    61:62:public OkHttpDownloader(android.content.Context,long)
    95:95:protected com.squareup.okhttp.OkHttpClient getClient()
com.squareup.picasso.Picasso:
    144:145:public void cancelRequest(com.squareup.picasso.Target)
    198:201:public com.squareup.picasso.RequestCreator load(java.io.File)
    212:215:public com.squareup.picasso.RequestCreator load(int)
    220:220:public boolean isDebugging()
    225:226:public void setDebugging(boolean)
    230:230:public com.squareup.picasso.StatsSnapshot getSnapshot()
    235:250:public void shutdown()
com.squareup.picasso.Picasso$Builder:
    416:423:public com.squareup.picasso.Picasso$Builder downloader(com.squareup.picasso.Downloader)
    428:435:public com.squareup.picasso.Picasso$Builder executor(java.util.concurrent.ExecutorService)
    440:447:public com.squareup.picasso.Picasso$Builder memoryCache(com.squareup.picasso.Cache)
    452:459:public com.squareup.picasso.Picasso$Builder listener(com.squareup.picasso.Picasso$Listener)
    469:476:public com.squareup.picasso.Picasso$Builder requestTransformer(com.squareup.picasso.Picasso$RequestTransformer)
    481:482:public com.squareup.picasso.Picasso$Builder debugging(boolean)
com.squareup.picasso.Picasso$CleanupThread:
    368:369:void shutdown()
com.squareup.picasso.PicassoDrawable:
    private static final float FADE_DURATION
com.squareup.picasso.PicassoExecutorService:
    private static final int DEFAULT_THREAD_COUNT
com.squareup.picasso.Request:
    113:113:public com.squareup.picasso.Request$Builder buildUpon()
com.squareup.picasso.Request$Builder:
    132:134:public Request$Builder(android.net.Uri)
    137:139:public Request$Builder(int)
    146:161:private Request$Builder(com.squareup.picasso.Request)
    177:182:public com.squareup.picasso.Request$Builder setUri(android.net.Uri)
    191:196:public com.squareup.picasso.Request$Builder setResourceId(int)
    214:218:public com.squareup.picasso.Request$Builder clearResize()
    227:231:public com.squareup.picasso.Request$Builder centerCrop()
    236:237:public com.squareup.picasso.Request$Builder clearCenterCrop()
    245:249:public com.squareup.picasso.Request$Builder centerInside()
    254:255:public com.squareup.picasso.Request$Builder clearCenterInside()
    260:261:public com.squareup.picasso.Request$Builder rotate(float)
    266:270:public com.squareup.picasso.Request$Builder rotate(float,float,float)
    275:279:public com.squareup.picasso.Request$Builder clearRotation()
    284:285:public com.squareup.picasso.Request$Builder config(android.graphics.Bitmap$Config)
    294:301:public com.squareup.picasso.Request$Builder transform(com.squareup.picasso.Transformation)
    117:117:synthetic Request$Builder(com.squareup.picasso.Request,com.squareup.picasso.Request$1)